[debug] [2025-03-16T05:11:17.545Z] ----------------------------------------------------------------------
[debug] [2025-03-16T05:11:17.548Z] Command:       C:\Program Files\nodejs\node.exe C:\Users\laure\AppData\Roaming\npm\node_modules\firebase-tools\lib\bin\firebase.js init
[debug] [2025-03-16T05:11:17.548Z] CLI Version:   13.34.0
[debug] [2025-03-16T05:11:17.549Z] Platform:      win32
[debug] [2025-03-16T05:11:17.549Z] Node Version:  v22.14.0
[debug] [2025-03-16T05:11:17.549Z] Time:          Sun Mar 16 2025 13:11:17 GMT+0800 (Philippine Standard Time)
[debug] [2025-03-16T05:11:17.549Z] ----------------------------------------------------------------------
[debug] 
[debug] [2025-03-16T05:11:17.555Z] > command requires scopes: ["email","openid","https://www.googleapis.com/auth/cloudplatformprojects.readonly","https://www.googleapis.com/auth/firebase","https://www.googleapis.com/auth/cloud-platform"]
[debug] [2025-03-16T05:11:17.555Z] > authorizing via signed-in user (laurencewatchon28@gmail.com)
[info] 
     ######## #### ########  ######## ########     ###     ######  ########
     ##        ##  ##     ## ##       ##     ##  ##   ##  ##       ##
     ######    ##  ########  ######   ########  #########  ######  ######
     ##        ##  ##    ##  ##       ##     ## ##     ##       ## ##
     ##       #### ##     ## ######## ########  ##     ##  ######  ########

You're about to initialize a Firebase project in this directory:

  C:\Users\laure\TechForecast_Initial

[info] 
=== Project Setup
[info] 
[info] First, let's associate this project directory with a Firebase project.
[info] You can create multiple project aliases by running firebase use --add, 
[info] but for now we'll just set up a default project.
[info] 
[debug] [2025-03-16T05:12:29.372Z] Checked if tokens are valid: false, expires at: 1742102543206
[debug] [2025-03-16T05:12:29.373Z] Checked if tokens are valid: false, expires at: 1742102543206
[debug] [2025-03-16T05:12:29.373Z] > refreshing access token with scopes: []
[debug] [2025-03-16T05:12:29.374Z] >>> [apiv2][query] POST https://www.googleapis.com/oauth2/v3/token [none]
[debug] [2025-03-16T05:12:29.374Z] >>> [apiv2][body] POST https://www.googleapis.com/oauth2/v3/token [omitted]
[debug] [2025-03-16T05:12:29.738Z] <<< [apiv2][status] POST https://www.googleapis.com/oauth2/v3/token 200
[debug] [2025-03-16T05:12:29.738Z] <<< [apiv2][body] POST https://www.googleapis.com/oauth2/v3/token [omitted]
[debug] [2025-03-16T05:12:29.749Z] >>> [apiv2][query] GET https://firebase.googleapis.com/v1beta1/projects pageSize=100
[debug] [2025-03-16T05:12:30.565Z] <<< [apiv2][status] GET https://firebase.googleapis.com/v1beta1/projects 200
[debug] [2025-03-16T05:12:30.566Z] <<< [apiv2][body] GET https://firebase.googleapis.com/v1beta1/projects [omitted]
[info] i  Using project techforecastinitial (TechForecastInitial) 
[info] 
=== Firestore Setup
[debug] [2025-03-16T05:12:32.185Z] Checked if tokens are valid: true, expires at: 1742105548738
[debug] [2025-03-16T05:12:32.185Z] Checked if tokens are valid: true, expires at: 1742105548738
[debug] [2025-03-16T05:12:32.185Z] >>> [apiv2][query] GET https://serviceusage.googleapis.com/v1/projects/techforecastinitial/services/firestore.googleapis.com [none]
[debug] [2025-03-16T05:12:32.185Z] >>> [apiv2][(partial)header] GET https://serviceusage.googleapis.com/v1/projects/techforecastinitial/services/firestore.googleapis.com x-goog-quota-user=projects/techforecastinitial
[debug] [2025-03-16T05:12:33.671Z] <<< [apiv2][status] GET https://serviceusage.googleapis.com/v1/projects/techforecastinitial/services/firestore.googleapis.com 200
[debug] [2025-03-16T05:12:33.671Z] <<< [apiv2][body] GET https://serviceusage.googleapis.com/v1/projects/techforecastinitial/services/firestore.googleapis.com [omitted]
[debug] [2025-03-16T05:12:33.672Z] Checked if tokens are valid: true, expires at: 1742105548738
[debug] [2025-03-16T05:12:33.672Z] Checked if tokens are valid: true, expires at: 1742105548738
[debug] [2025-03-16T05:12:33.672Z] >>> [apiv2][query] GET https://firestore.googleapis.com/v1/projects/techforecastinitial/databases/(default) [none]
[debug] [2025-03-16T05:12:34.933Z] <<< [apiv2][status] GET https://firestore.googleapis.com/v1/projects/techforecastinitial/databases/(default) 200
[debug] [2025-03-16T05:12:34.933Z] <<< [apiv2][body] GET https://firestore.googleapis.com/v1/projects/techforecastinitial/databases/(default) {"name":"projects/techforecastinitial/databases/(default)","uid":"07f5cd6a-a744-435e-b8ed-adec1e2151bf","createTime":"2025-03-16T03:34:54.131028Z","updateTime":"2025-03-16T03:34:54.131028Z","locationId":"nam5","type":"FIRESTORE_NATIVE","concurrencyMode":"PESSIMISTIC","versionRetentionPeriod":"3600s","earliestVersionTime":"2025-03-16T04:12:36.491795Z","appEngineIntegrationMode":"DISABLED","keyPrefix":"s","pointInTimeRecoveryEnablement":"POINT_IN_TIME_RECOVERY_DISABLED","deleteProtectionState":"DELETE_PROTECTION_DISABLED","databaseEdition":"STANDARD","etag":"IKjvncLrjYwDMNLbi8DjjYwD"}
[debug] [2025-03-16T05:12:34.933Z] database_type: FIRESTORE_NATIVE
[debug] [2025-03-16T05:12:34.933Z] database_type: FIRESTORE_NATIVE
[debug] [2025-03-16T05:12:34.933Z] > command requires scopes: ["email","openid","https://www.googleapis.com/auth/cloudplatformprojects.readonly","https://www.googleapis.com/auth/firebase","https://www.googleapis.com/auth/cloud-platform"]
[debug] [2025-03-16T05:12:34.933Z] > authorizing via signed-in user (laurencewatchon28@gmail.com)
[debug] [2025-03-16T05:12:34.934Z] [iam] checking project techforecastinitial for permissions ["firebase.projects.get"]
[debug] [2025-03-16T05:12:34.934Z] Checked if tokens are valid: true, expires at: 1742105548738
[debug] [2025-03-16T05:12:34.934Z] Checked if tokens are valid: true, expires at: 1742105548738
[debug] [2025-03-16T05:12:34.934Z] >>> [apiv2][query] POST https://cloudresourcemanager.googleapis.com/v1/projects/techforecastinitial:testIamPermissions [none]
[debug] [2025-03-16T05:12:34.934Z] >>> [apiv2][(partial)header] POST https://cloudresourcemanager.googleapis.com/v1/projects/techforecastinitial:testIamPermissions x-goog-quota-user=projects/techforecastinitial
[debug] [2025-03-16T05:12:34.934Z] >>> [apiv2][body] POST https://cloudresourcemanager.googleapis.com/v1/projects/techforecastinitial:testIamPermissions {"permissions":["firebase.projects.get"]}
[debug] [2025-03-16T05:12:36.125Z] <<< [apiv2][status] POST https://cloudresourcemanager.googleapis.com/v1/projects/techforecastinitial:testIamPermissions 200
[debug] [2025-03-16T05:12:36.125Z] <<< [apiv2][body] POST https://cloudresourcemanager.googleapis.com/v1/projects/techforecastinitial:testIamPermissions {"permissions":["firebase.projects.get"]}
[info] 
[info] Firestore Security Rules allow you to define how and when to allow
[info] requests. You can keep these rules in your project directory
[info] and publish them with firebase deploy.
[info] 
[debug] [2025-03-16T05:12:42.296Z] Checked if tokens are valid: true, expires at: 1742105548738
[debug] [2025-03-16T05:12:42.296Z] Checked if tokens are valid: true, expires at: 1742105548738
[debug] [2025-03-16T05:12:42.296Z] >>> [apiv2][query] GET https://firebaserules.googleapis.com/v1/projects/techforecastinitial/releases pageSize=10&pageToken=
[debug] [2025-03-16T05:12:43.601Z] <<< [apiv2][status] GET https://firebaserules.googleapis.com/v1/projects/techforecastinitial/releases 200
[debug] [2025-03-16T05:12:43.601Z] <<< [apiv2][body] GET https://firebaserules.googleapis.com/v1/projects/techforecastinitial/releases {"releases":[{"name":"projects/techforecastinitial/releases/cloud.firestore","rulesetName":"projects/techforecastinitial/rulesets/5f990e97-9a7e-4a12-9f37-51668645170f","createTime":"2025-03-16T03:35:00.671957Z","updateTime":"2025-03-16T03:35:00.671957Z"}]}
[debug] [2025-03-16T05:12:43.601Z] Found ruleset: projects/techforecastinitial/rulesets/5f990e97-9a7e-4a12-9f37-51668645170f
[debug] [2025-03-16T05:12:43.602Z] Checked if tokens are valid: true, expires at: 1742105548738
[debug] [2025-03-16T05:12:43.602Z] Checked if tokens are valid: true, expires at: 1742105548738
[debug] [2025-03-16T05:12:43.602Z] >>> [apiv2][query] GET https://firebaserules.googleapis.com/v1/projects/techforecastinitial/rulesets/5f990e97-9a7e-4a12-9f37-51668645170f [none]
[debug] [2025-03-16T05:12:44.694Z] <<< [apiv2][status] GET https://firebaserules.googleapis.com/v1/projects/techforecastinitial/rulesets/5f990e97-9a7e-4a12-9f37-51668645170f 200
[debug] [2025-03-16T05:12:44.695Z] <<< [apiv2][body] GET https://firebaserules.googleapis.com/v1/projects/techforecastinitial/rulesets/5f990e97-9a7e-4a12-9f37-51668645170f [omitted]
[info] 
[info] Firestore indexes allow you to perform complex queries while
[info] maintaining performance that scales with the size of the result
[info] set. You can keep index definitions in your project directory
[info] and publish them with firebase deploy.
[info] 
[debug] [2025-03-16T05:12:47.909Z] Checked if tokens are valid: true, expires at: 1742105548738
[debug] [2025-03-16T05:12:47.909Z] Checked if tokens are valid: true, expires at: 1742105548738
[debug] [2025-03-16T05:12:47.909Z] Checked if tokens are valid: true, expires at: 1742105548738
[debug] [2025-03-16T05:12:47.910Z] Checked if tokens are valid: true, expires at: 1742105548738
[debug] [2025-03-16T05:12:47.910Z] >>> [apiv2][query] GET https://firestore.googleapis.com/v1/projects/techforecastinitial/databases/(default)/collectionGroups/-/indexes [none]
[debug] [2025-03-16T05:12:47.912Z] >>> [apiv2][query] GET https://firestore.googleapis.com/v1/projects/techforecastinitial/databases/(default)/collectionGroups/-/fields?filter=indexConfig.usesAncestorConfig=false OR ttlConfig:* [none]
[debug] [2025-03-16T05:12:49.406Z] <<< [apiv2][status] GET https://firestore.googleapis.com/v1/projects/techforecastinitial/databases/(default)/collectionGroups/-/fields?filter=indexConfig.usesAncestorConfig=false OR ttlConfig:* 200
[debug] [2025-03-16T05:12:49.406Z] <<< [apiv2][body] GET https://firestore.googleapis.com/v1/projects/techforecastinitial/databases/(default)/collectionGroups/-/fields?filter=indexConfig.usesAncestorConfig=false OR ttlConfig:* {"fields":[{"name":"projects/techforecastinitial/databases/(default)/collectionGroups/__default__/fields/*","indexConfig":{"indexes":[{"queryScope":"COLLECTION","fields":[{"fieldPath":"*","order":"ASCENDING"}],"state":"READY"},{"queryScope":"COLLECTION","fields":[{"fieldPath":"*","order":"DESCENDING"}],"state":"READY"},{"queryScope":"COLLECTION","fields":[{"fieldPath":"*","arrayConfig":"CONTAINS"}],"state":"READY"}]}}]}
[debug] [2025-03-16T05:12:49.407Z] <<< [apiv2][status] GET https://firestore.googleapis.com/v1/projects/techforecastinitial/databases/(default)/collectionGroups/-/indexes 200
[debug] [2025-03-16T05:12:49.407Z] <<< [apiv2][body] GET https://firestore.googleapis.com/v1/projects/techforecastinitial/databases/(default)/collectionGroups/-/indexes {}
[info] 
=== Functions Setup
[debug] [2025-03-16T05:12:49.409Z] > command requires scopes: ["email","openid","https://www.googleapis.com/auth/cloudplatformprojects.readonly","https://www.googleapis.com/auth/firebase","https://www.googleapis.com/auth/cloud-platform"]
[debug] [2025-03-16T05:12:49.410Z] > authorizing via signed-in user (laurencewatchon28@gmail.com)
[debug] [2025-03-16T05:12:49.410Z] [iam] checking project techforecastinitial for permissions ["firebase.projects.get"]
[debug] [2025-03-16T05:12:49.410Z] Checked if tokens are valid: true, expires at: 1742105548738
[debug] [2025-03-16T05:12:49.410Z] Checked if tokens are valid: true, expires at: 1742105548738
[debug] [2025-03-16T05:12:49.410Z] >>> [apiv2][query] POST https://cloudresourcemanager.googleapis.com/v1/projects/techforecastinitial:testIamPermissions [none]
[debug] [2025-03-16T05:12:49.410Z] >>> [apiv2][(partial)header] POST https://cloudresourcemanager.googleapis.com/v1/projects/techforecastinitial:testIamPermissions x-goog-quota-user=projects/techforecastinitial
[debug] [2025-03-16T05:12:49.410Z] >>> [apiv2][body] POST https://cloudresourcemanager.googleapis.com/v1/projects/techforecastinitial:testIamPermissions {"permissions":["firebase.projects.get"]}
[debug] [2025-03-16T05:12:50.418Z] <<< [apiv2][status] POST https://cloudresourcemanager.googleapis.com/v1/projects/techforecastinitial:testIamPermissions 200
[debug] [2025-03-16T05:12:50.418Z] <<< [apiv2][body] POST https://cloudresourcemanager.googleapis.com/v1/projects/techforecastinitial:testIamPermissions {"permissions":["firebase.projects.get"]}
[debug] [2025-03-16T05:12:50.418Z] Checked if tokens are valid: true, expires at: 1742105548738
[debug] [2025-03-16T05:12:50.418Z] Checked if tokens are valid: true, expires at: 1742105548738
[debug] [2025-03-16T05:12:50.418Z] Checked if tokens are valid: true, expires at: 1742105548738
[debug] [2025-03-16T05:12:50.418Z] Checked if tokens are valid: true, expires at: 1742105548738
[debug] [2025-03-16T05:12:50.419Z] >>> [apiv2][query] GET https://serviceusage.googleapis.com/v1/projects/techforecastinitial/services/cloudfunctions.googleapis.com [none]
[debug] [2025-03-16T05:12:50.419Z] >>> [apiv2][(partial)header] GET https://serviceusage.googleapis.com/v1/projects/techforecastinitial/services/cloudfunctions.googleapis.com x-goog-quota-user=projects/techforecastinitial
[debug] [2025-03-16T05:12:50.421Z] >>> [apiv2][query] GET https://serviceusage.googleapis.com/v1/projects/techforecastinitial/services/runtimeconfig.googleapis.com [none]
[debug] [2025-03-16T05:12:50.421Z] >>> [apiv2][(partial)header] GET https://serviceusage.googleapis.com/v1/projects/techforecastinitial/services/runtimeconfig.googleapis.com x-goog-quota-user=projects/techforecastinitial
[debug] [2025-03-16T05:12:51.779Z] <<< [apiv2][status] GET https://serviceusage.googleapis.com/v1/projects/techforecastinitial/services/cloudfunctions.googleapis.com 200
[debug] [2025-03-16T05:12:51.780Z] <<< [apiv2][body] GET https://serviceusage.googleapis.com/v1/projects/techforecastinitial/services/cloudfunctions.googleapis.com [omitted]
[debug] [2025-03-16T05:12:51.780Z] <<< [apiv2][status] GET https://serviceusage.googleapis.com/v1/projects/techforecastinitial/services/runtimeconfig.googleapis.com 200
[debug] [2025-03-16T05:12:51.780Z] <<< [apiv2][body] GET https://serviceusage.googleapis.com/v1/projects/techforecastinitial/services/runtimeconfig.googleapis.com [omitted]
[info] Let's create a new codebase for your functions.
[info] A directory corresponding to the codebase will be created in your project
[info] with sample code pre-configured.

[info] See https://firebase.google.com/docs/functions/organize-functions for
[info] more information on organizing your functions using codebases.

[info] Functions can be deployed with firebase deploy.

[info] i  functions/requirements.txt is unchanged 
[info] i  functions/.gitignore is unchanged 
[info] i  functions/main.py is unchanged 
[debug] [2025-03-16T05:12:58.940Z] Running command with virtualenv: command="C:\Users\laure\TechForecast_Initial\functions\venv\Scripts\activate.bat", args=["","&&","pip3","install","--upgrade","pip"]
[debug] [2025-03-16T05:13:00.987Z] Error: spawn "C:\Users\laure\TechForecast_Initial\functions\venv\Scripts\activate.bat" ENOENT
    at notFoundError (C:\Users\laure\AppData\Roaming\npm\node_modules\firebase-tools\node_modules\cross-spawn\lib\enoent.js:6:26)
    at verifyENOENT (C:\Users\laure\AppData\Roaming\npm\node_modules\firebase-tools\node_modules\cross-spawn\lib\enoent.js:40:16)
    at cp.emit (C:\Users\laure\AppData\Roaming\npm\node_modules\firebase-tools\node_modules\cross-spawn\lib\enoent.js:27:25)
    at ChildProcess._handle.onexit (node:internal/child_process:293:12)
[error] 
[error] Error: An unexpected error has occurred.
